0 verbose cli /usr/bin/node /usr/bin/npm
1 info using npm@9.2.0
2 info using node@v18.19.1
3 timing npm:load:whichnode Completed in 0ms
4 timing config:load:defaults Completed in 2ms
5 timing config:load:file:/usr/share/nodejs/npm/npmrc Completed in 2ms
6 timing config:load:builtin Completed in 2ms
7 timing config:load:cli Completed in 1ms
8 timing config:load:env Completed in 0ms
9 timing config:load:project Completed in 2ms
10 timing config:load:file:/home/deeksha/.npmrc Completed in 0ms
11 timing config:load:user Completed in 0ms
12 timing config:load:file:/etc/npmrc Completed in 0ms
13 timing config:load:global Completed in 0ms
14 timing config:load:setEnvs Completed in 1ms
15 timing config:load Completed in 9ms
16 timing npm:load:configload Completed in 9ms
17 timing npm:load:mkdirpcache Completed in 0ms
18 timing npm:load:mkdirplogs Completed in 1ms
19 verbose title npm install
20 verbose argv "install"
21 timing npm:load:setTitle Completed in 1ms
22 timing config:load:flatten Completed in 2ms
23 timing npm:load:display Completed in 3ms
24 verbose logfile logs-max:10 dir:/home/deeksha/.npm/_logs/2025-08-07T07_04_33_024Z-
25 verbose logfile /home/deeksha/.npm/_logs/2025-08-07T07_04_33_024Z-debug-0.log
26 timing npm:load:logFile Completed in 6ms
27 timing npm:load:timers Completed in 0ms
28 timing npm:load:configScope Completed in 0ms
29 timing npm:load Completed in 20ms
30 silly logfile done cleaning log files
31 timing config:load:flatten Completed in 0ms
32 timing arborist:ctor Completed in 0ms
33 timing arborist:ctor Completed in 0ms
34 timing idealTree:init Completed in 11ms
35 timing idealTree:userRequests Completed in 0ms
36 silly idealTree buildDeps
37 silly fetch manifest express@^4.18.2
38 http fetch GET 200 https://registry.npmjs.org/express 3467ms (cache miss)
39 silly placeDep ROOT express@4.21.2 OK for: sample-app@1.0.0 want: ^4.18.2
40 silly fetch manifest qs@6.13.0
41 silly fetch manifest depd@2.0.0
42 silly fetch manifest etag@~1.8.1
43 silly fetch manifest send@0.19.0
44 silly fetch manifest vary@~1.1.2
45 silly fetch manifest debug@2.6.9
46 silly fetch manifest fresh@0.5.2
47 silly fetch manifest cookie@0.7.1
48 silly fetch manifest accepts@~1.3.8
49 silly fetch manifest methods@~1.1.2
50 silly fetch manifest type-is@~1.6.18
51 silly fetch manifest parseurl@~1.3.3
52 silly fetch manifest statuses@2.0.1
53 silly fetch manifest encodeurl@~2.0.0
54 silly fetch manifest proxy-addr@~2.0.7
55 silly fetch manifest body-parser@1.20.3
56 silly fetch manifest escape-html@~1.0.3
57 silly fetch manifest http-errors@2.0.0
58 silly fetch manifest on-finished@2.4.1
59 silly fetch manifest safe-buffer@5.2.1
60 silly fetch manifest utils-merge@1.0.1
61 silly fetch manifest content-type@~1.0.4
62 silly fetch manifest finalhandler@1.3.1
63 silly fetch manifest range-parser@~1.2.1
64 silly fetch manifest serve-static@1.16.2
65 silly fetch manifest array-flatten@1.1.1
66 silly fetch manifest path-to-regexp@0.1.12
67 silly fetch manifest setprototypeof@1.2.0
68 silly fetch manifest cookie-signature@1.0.6
69 silly fetch manifest merge-descriptors@1.0.3
70 silly fetch manifest content-disposition@0.5.4
71 http fetch GET 200 https://registry.npmjs.org/qs 95ms (cache miss)
72 http fetch GET 200 https://registry.npmjs.org/cookie 113ms (cache miss)
73 http fetch GET 200 https://registry.npmjs.org/vary 129ms (cache miss)
74 http fetch GET 200 https://registry.npmjs.org/depd 133ms (cache miss)
75 http fetch GET 200 https://registry.npmjs.org/statuses 126ms (cache miss)
76 http fetch GET 200 https://registry.npmjs.org/methods 194ms (cache miss)
77 http fetch GET 200 https://registry.npmjs.org/escape-html 193ms (cache miss)
78 http fetch GET 200 https://registry.npmjs.org/on-finished 194ms (cache miss)
79 http fetch GET 200 https://registry.npmjs.org/parseurl 198ms (cache miss)
80 http fetch GET 200 https://registry.npmjs.org/encodeurl 197ms (cache miss)
81 http fetch GET 200 https://registry.npmjs.org/fresh 203ms (cache miss)
82 http fetch GET 200 https://registry.npmjs.org/proxy-addr 199ms (cache miss)
83 http fetch GET 200 https://registry.npmjs.org/type-is 201ms (cache miss)
84 http fetch GET 200 https://registry.npmjs.org/accepts 209ms (cache miss)
85 http fetch GET 200 https://registry.npmjs.org/etag 215ms (cache miss)
86 http fetch GET 200 https://registry.npmjs.org/safe-buffer 210ms (cache miss)
87 http fetch GET 200 https://registry.npmjs.org/body-parser 211ms (cache miss)
88 http fetch GET 200 https://registry.npmjs.org/http-errors 212ms (cache miss)
89 http fetch GET 200 https://registry.npmjs.org/utils-merge 216ms (cache miss)
90 http fetch GET 200 https://registry.npmjs.org/send 226ms (cache miss)
91 http fetch GET 200 https://registry.npmjs.org/content-type 220ms (cache miss)
92 http fetch GET 200 https://registry.npmjs.org/array-flatten 218ms (cache miss)
93 http fetch GET 200 https://registry.npmjs.org/debug 230ms (cache miss)
94 http fetch GET 200 https://registry.npmjs.org/range-parser 225ms (cache miss)
95 http fetch GET 200 https://registry.npmjs.org/setprototypeof 224ms (cache miss)
96 http fetch GET 200 https://registry.npmjs.org/finalhandler 226ms (cache miss)
97 http fetch GET 200 https://registry.npmjs.org/path-to-regexp 226ms (cache miss)
98 http fetch GET 200 https://registry.npmjs.org/merge-descriptors 225ms (cache miss)
99 http fetch GET 200 https://registry.npmjs.org/cookie-signature 228ms (cache miss)
100 http fetch GET 200 https://registry.npmjs.org/content-disposition 227ms (cache miss)
101 http fetch GET 200 https://registry.npmjs.org/serve-static 231ms (cache miss)
102 timing idealTree:#root Completed in 3735ms
103 silly placeDep ROOT accepts@1.3.8 OK for: express@4.21.2 want: ~1.3.8
104 silly placeDep ROOT array-flatten@1.1.1 OK for: express@4.21.2 want: 1.1.1
105 silly placeDep ROOT body-parser@1.20.3 OK for: express@4.21.2 want: 1.20.3
106 silly placeDep ROOT content-disposition@0.5.4 OK for: express@4.21.2 want: 0.5.4
107 silly placeDep ROOT content-type@1.0.5 OK for: express@4.21.2 want: ~1.0.4
108 silly placeDep ROOT cookie@0.7.1 OK for: express@4.21.2 want: 0.7.1
109 silly placeDep ROOT cookie-signature@1.0.6 OK for: express@4.21.2 want: 1.0.6
110 silly placeDep ROOT debug@2.6.9 OK for: express@4.21.2 want: 2.6.9
111 silly placeDep ROOT depd@2.0.0 OK for: express@4.21.2 want: 2.0.0
112 silly placeDep ROOT encodeurl@2.0.0 OK for: express@4.21.2 want: ~2.0.0
113 silly placeDep ROOT escape-html@1.0.3 OK for: express@4.21.2 want: ~1.0.3
114 silly placeDep ROOT etag@1.8.1 OK for: express@4.21.2 want: ~1.8.1
115 silly placeDep ROOT finalhandler@1.3.1 OK for: express@4.21.2 want: 1.3.1
116 silly placeDep ROOT fresh@0.5.2 OK for: express@4.21.2 want: 0.5.2
117 silly placeDep ROOT http-errors@2.0.0 OK for: express@4.21.2 want: 2.0.0
118 silly placeDep ROOT merge-descriptors@1.0.3 OK for: express@4.21.2 want: 1.0.3
119 silly placeDep ROOT methods@1.1.2 OK for: express@4.21.2 want: ~1.1.2
120 silly placeDep ROOT on-finished@2.4.1 OK for: express@4.21.2 want: 2.4.1
121 silly placeDep ROOT parseurl@1.3.3 OK for: express@4.21.2 want: ~1.3.3
122 silly placeDep ROOT path-to-regexp@0.1.12 OK for: express@4.21.2 want: 0.1.12
123 silly placeDep ROOT proxy-addr@2.0.7 OK for: express@4.21.2 want: ~2.0.7
124 silly placeDep ROOT qs@6.13.0 OK for: express@4.21.2 want: 6.13.0
125 silly placeDep ROOT range-parser@1.2.1 OK for: express@4.21.2 want: ~1.2.1
126 silly placeDep ROOT safe-buffer@5.2.1 OK for: express@4.21.2 want: 5.2.1
127 silly placeDep ROOT send@0.19.0 OK for: express@4.21.2 want: 0.19.0
128 silly placeDep ROOT serve-static@1.16.2 OK for: express@4.21.2 want: 1.16.2
129 silly placeDep ROOT setprototypeof@1.2.0 OK for: express@4.21.2 want: 1.2.0
130 silly placeDep ROOT statuses@2.0.1 OK for: express@4.21.2 want: 2.0.1
131 silly placeDep ROOT type-is@1.6.18 OK for: express@4.21.2 want: ~1.6.18
132 silly placeDep ROOT utils-merge@1.0.1 OK for: express@4.21.2 want: 1.0.1
133 silly placeDep ROOT vary@1.1.2 OK for: express@4.21.2 want: ~1.1.2
134 silly fetch manifest mime-types@~2.1.34
135 silly fetch manifest negotiator@0.6.3
136 silly fetch manifest bytes@3.1.2
137 silly fetch manifest unpipe@1.0.0
138 silly fetch manifest destroy@1.2.0
139 silly fetch manifest raw-body@2.5.2
140 silly fetch manifest iconv-lite@0.4.24
141 silly fetch manifest ms@2.0.0
142 silly fetch manifest unpipe@~1.0.0
143 silly fetch manifest inherits@2.0.4
144 silly fetch manifest toidentifier@1.0.1
145 silly fetch manifest ee-first@1.1.1
146 silly fetch manifest forwarded@0.2.0
147 silly fetch manifest ipaddr.js@1.9.1
148 silly fetch manifest side-channel@^1.0.6
149 silly fetch manifest ms@2.1.3
150 silly fetch manifest mime@1.6.0
151 silly fetch manifest encodeurl@~1.0.2
152 silly fetch manifest mime-types@~2.1.24
153 silly fetch manifest media-typer@0.3.0
154 http fetch GET 200 https://registry.npmjs.org/unpipe 80ms (cache miss)
155 http fetch GET 200 https://registry.npmjs.org/unpipe 80ms (cache miss)
156 http fetch GET 200 https://registry.npmjs.org/ee-first 78ms (cache miss)
157 http fetch GET 200 https://registry.npmjs.org/negotiator 85ms (cache miss)
158 http fetch GET 200 https://registry.npmjs.org/bytes 86ms (cache miss)
159 http fetch GET 200 https://registry.npmjs.org/destroy 86ms (cache miss)
160 http fetch GET 200 https://registry.npmjs.org/toidentifier 83ms (cache miss)
161 http fetch GET 200 https://registry.npmjs.org/iconv-lite 86ms (cache miss)
162 http fetch GET 200 https://registry.npmjs.org/inherits 85ms (cache miss)
163 http fetch GET 200 https://registry.npmjs.org/raw-body 87ms (cache miss)
164 http fetch GET 200 https://registry.npmjs.org/ipaddr.js 85ms (cache miss)
165 http fetch GET 200 https://registry.npmjs.org/mime-types 94ms (cache miss)
166 http fetch GET 200 https://registry.npmjs.org/forwarded 154ms (cache miss)
167 http fetch GET 200 https://registry.npmjs.org/media-typer 148ms (cache miss)
168 http fetch GET 200 https://registry.npmjs.org/side-channel 153ms (cache miss)
169 http fetch GET 200 https://registry.npmjs.org/ms 152ms (cache miss)
170 http fetch GET 200 https://registry.npmjs.org/ms 159ms (cache miss)
171 http fetch GET 200 https://registry.npmjs.org/mime 153ms (cache miss)
172 http fetch GET 200 https://registry.npmjs.org/mime-types 152ms (cache miss)
173 timing idealTree:node_modules/express Completed in 202ms
174 silly placeDep ROOT mime-types@2.1.35 OK for: accepts@1.3.8 want: ~2.1.34
175 silly placeDep ROOT negotiator@0.6.3 OK for: accepts@1.3.8 want: 0.6.3
176 silly fetch manifest mime-db@1.52.0
177 http fetch GET 200 https://registry.npmjs.org/mime-db 46ms (cache miss)
178 timing idealTree:node_modules/accepts Completed in 49ms
179 timing idealTree:node_modules/array-flatten Completed in 0ms
180 silly placeDep ROOT bytes@3.1.2 OK for: body-parser@1.20.3 want: 3.1.2
181 silly placeDep ROOT destroy@1.2.0 OK for: body-parser@1.20.3 want: 1.2.0
182 silly placeDep ROOT iconv-lite@0.4.24 OK for: body-parser@1.20.3 want: 0.4.24
183 silly placeDep ROOT raw-body@2.5.2 OK for: body-parser@1.20.3 want: 2.5.2
184 silly placeDep ROOT unpipe@1.0.0 OK for: body-parser@1.20.3 want: 1.0.0
185 silly fetch manifest safer-buffer@>= 2.1.2 < 3
186 http fetch GET 200 https://registry.npmjs.org/safer-buffer 49ms (cache miss)
187 timing idealTree:node_modules/body-parser Completed in 52ms
188 timing idealTree:node_modules/bytes Completed in 0ms
189 timing idealTree:node_modules/content-disposition Completed in 0ms
190 timing idealTree:node_modules/content-type Completed in 0ms
191 timing idealTree:node_modules/cookie Completed in 0ms
192 timing idealTree:node_modules/cookie-signature Completed in 0ms
193 silly placeDep ROOT ms@2.0.0 OK for: debug@2.6.9 want: 2.0.0
194 timing idealTree:node_modules/debug Completed in 1ms
195 timing idealTree:node_modules/depd Completed in 0ms
196 timing idealTree:node_modules/destroy Completed in 0ms
197 timing idealTree:node_modules/encodeurl Completed in 0ms
198 timing idealTree:node_modules/escape-html Completed in 0ms
199 timing idealTree:node_modules/etag Completed in 0ms
200 timing idealTree:node_modules/finalhandler Completed in 0ms
201 timing idealTree:node_modules/fresh Completed in 0ms
202 silly placeDep ROOT inherits@2.0.4 OK for: http-errors@2.0.0 want: 2.0.4
203 silly placeDep ROOT toidentifier@1.0.1 OK for: http-errors@2.0.0 want: 1.0.1
204 timing idealTree:node_modules/http-errors Completed in 2ms
205 silly placeDep ROOT safer-buffer@2.1.2 OK for: iconv-lite@0.4.24 want: >= 2.1.2 < 3
206 timing idealTree:node_modules/iconv-lite Completed in 0ms
207 timing idealTree:node_modules/inherits Completed in 0ms
208 timing idealTree:node_modules/merge-descriptors Completed in 0ms
209 timing idealTree:node_modules/methods Completed in 0ms
210 silly placeDep ROOT mime-db@1.52.0 OK for: mime-types@2.1.35 want: 1.52.0
211 timing idealTree:node_modules/mime-types Completed in 0ms
212 timing idealTree:node_modules/mime-db Completed in 0ms
213 timing idealTree:node_modules/ms Completed in 0ms
214 timing idealTree:node_modules/negotiator Completed in 0ms
215 silly placeDep ROOT ee-first@1.1.1 OK for: on-finished@2.4.1 want: 1.1.1
216 timing idealTree:node_modules/on-finished Completed in 1ms
217 timing idealTree:node_modules/ee-first Completed in 0ms
218 timing idealTree:node_modules/parseurl Completed in 0ms
219 timing idealTree:node_modules/path-to-regexp Completed in 0ms
220 silly placeDep ROOT forwarded@0.2.0 OK for: proxy-addr@2.0.7 want: 0.2.0
221 silly placeDep ROOT ipaddr.js@1.9.1 OK for: proxy-addr@2.0.7 want: 1.9.1
222 timing idealTree:node_modules/proxy-addr Completed in 1ms
223 timing idealTree:node_modules/forwarded Completed in 0ms
224 timing idealTree:node_modules/ipaddr.js Completed in 0ms
225 silly placeDep ROOT side-channel@1.1.0 OK for: qs@6.13.0 want: ^1.0.6
226 silly fetch manifest es-errors@^1.3.0
227 silly fetch manifest object-inspect@^1.13.3
228 silly fetch manifest side-channel-list@^1.0.0
229 silly fetch manifest side-channel-map@^1.0.1
230 silly fetch manifest side-channel-weakmap@^1.0.2
231 http fetch GET 200 https://registry.npmjs.org/object-inspect 49ms (cache miss)
232 http fetch GET 200 https://registry.npmjs.org/side-channel-map 49ms (cache miss)
233 http fetch GET 200 https://registry.npmjs.org/es-errors 51ms (cache miss)
234 http fetch GET 200 https://registry.npmjs.org/side-channel-weakmap 52ms (cache miss)
235 http fetch GET 200 https://registry.npmjs.org/side-channel-list 54ms (cache miss)
236 timing idealTree:node_modules/qs Completed in 56ms
237 timing idealTree:node_modules/range-parser Completed in 0ms
238 timing idealTree:node_modules/raw-body Completed in 0ms
239 timing idealTree:node_modules/safe-buffer Completed in 0ms
240 timing idealTree:node_modules/safer-buffer Completed in 0ms
241 silly placeDep node_modules/send encodeurl@1.0.2 OK for: send@0.19.0 want: ~1.0.2
242 silly placeDep ROOT mime@1.6.0 OK for: send@0.19.0 want: 1.6.0
243 silly placeDep node_modules/send ms@2.1.3 OK for: send@0.19.0 want: 2.1.3
244 timing idealTree:node_modules/send Completed in 3ms
245 timing idealTree:node_modules/mime Completed in 0ms
246 timing idealTree:node_modules/serve-static Completed in 0ms
247 timing idealTree:node_modules/setprototypeof Completed in 0ms
248 silly placeDep ROOT es-errors@1.3.0 OK for: side-channel@1.1.0 want: ^1.3.0
249 silly placeDep ROOT object-inspect@1.13.4 OK for: side-channel@1.1.0 want: ^1.13.3
250 silly placeDep ROOT side-channel-list@1.0.0 OK for: side-channel@1.1.0 want: ^1.0.0
251 silly placeDep ROOT side-channel-map@1.0.1 OK for: side-channel@1.1.0 want: ^1.0.1
252 silly placeDep ROOT side-channel-weakmap@1.0.2 OK for: side-channel@1.1.0 want: ^1.0.2
253 silly fetch manifest call-bound@^1.0.2
254 silly fetch manifest get-intrinsic@^1.2.5
255 http fetch GET 200 https://registry.npmjs.org/call-bound 43ms (cache miss)
256 http fetch GET 200 https://registry.npmjs.org/get-intrinsic 50ms (cache miss)
257 timing idealTree:node_modules/side-channel Completed in 55ms
258 timing idealTree:node_modules/es-errors Completed in 0ms
259 timing idealTree:node_modules/object-inspect Completed in 0ms
260 timing idealTree:node_modules/side-channel-list Completed in 0ms
261 silly placeDep ROOT call-bound@1.0.4 OK for: side-channel-map@1.0.1 want: ^1.0.2
262 silly placeDep ROOT get-intrinsic@1.3.0 OK for: side-channel-map@1.0.1 want: ^1.2.5
263 silly fetch manifest call-bind-apply-helpers@^1.0.2
264 silly fetch manifest es-define-property@^1.0.1
265 silly fetch manifest es-object-atoms@^1.1.1
266 silly fetch manifest function-bind@^1.1.2
267 silly fetch manifest get-proto@^1.0.1
268 silly fetch manifest gopd@^1.2.0
269 silly fetch manifest has-symbols@^1.1.0
270 silly fetch manifest hasown@^2.0.2
271 silly fetch manifest math-intrinsics@^1.1.0
272 http fetch GET 200 https://registry.npmjs.org/es-object-atoms 46ms (cache miss)
273 http fetch GET 200 https://registry.npmjs.org/es-define-property 50ms (cache miss)
274 http fetch GET 200 https://registry.npmjs.org/function-bind 50ms (cache miss)
275 http fetch GET 200 https://registry.npmjs.org/math-intrinsics 49ms (cache miss)
276 http fetch GET 200 https://registry.npmjs.org/get-proto 57ms (cache miss)
277 http fetch GET 200 https://registry.npmjs.org/gopd 57ms (cache miss)
278 http fetch GET 200 https://registry.npmjs.org/hasown 56ms (cache miss)
279 http fetch GET 200 https://registry.npmjs.org/has-symbols 60ms (cache miss)
280 http fetch GET 200 https://registry.npmjs.org/call-bind-apply-helpers 63ms (cache miss)
281 timing idealTree:node_modules/side-channel-map Completed in 64ms
282 silly placeDep ROOT call-bind-apply-helpers@1.0.2 OK for: call-bound@1.0.4 want: ^1.0.2
283 timing idealTree:node_modules/call-bound Completed in 1ms
284 silly placeDep ROOT function-bind@1.1.2 OK for: call-bind-apply-helpers@1.0.2 want: ^1.1.2
285 timing idealTree:node_modules/call-bind-apply-helpers Completed in 0ms
286 timing idealTree:node_modules/function-bind Completed in 0ms
287 silly placeDep ROOT es-define-property@1.0.1 OK for: get-intrinsic@1.3.0 want: ^1.0.1
288 silly placeDep ROOT es-object-atoms@1.1.1 OK for: get-intrinsic@1.3.0 want: ^1.1.1
289 silly placeDep ROOT get-proto@1.0.1 OK for: get-intrinsic@1.3.0 want: ^1.0.1
290 silly placeDep ROOT gopd@1.2.0 OK for: get-intrinsic@1.3.0 want: ^1.2.0
291 silly placeDep ROOT has-symbols@1.1.0 OK for: get-intrinsic@1.3.0 want: ^1.1.0
292 silly placeDep ROOT hasown@2.0.2 OK for: get-intrinsic@1.3.0 want: ^2.0.2
293 silly placeDep ROOT math-intrinsics@1.1.0 OK for: get-intrinsic@1.3.0 want: ^1.1.0
294 silly fetch manifest dunder-proto@^1.0.1
295 http fetch GET 200 https://registry.npmjs.org/dunder-proto 54ms (cache miss)
296 timing idealTree:node_modules/get-intrinsic Completed in 59ms
297 timing idealTree:node_modules/es-define-property Completed in 0ms
298 timing idealTree:node_modules/es-object-atoms Completed in 0ms
299 silly placeDep ROOT dunder-proto@1.0.1 OK for: get-proto@1.0.1 want: ^1.0.1
300 timing idealTree:node_modules/get-proto Completed in 1ms
301 timing idealTree:node_modules/dunder-proto Completed in 0ms
302 timing idealTree:node_modules/gopd Completed in 0ms
303 timing idealTree:node_modules/has-symbols Completed in 0ms
304 timing idealTree:node_modules/hasown Completed in 0ms
305 timing idealTree:node_modules/math-intrinsics Completed in 0ms
306 timing idealTree:node_modules/side-channel-weakmap Completed in 0ms
307 timing idealTree:node_modules/statuses Completed in 0ms
308 timing idealTree:node_modules/toidentifier Completed in 0ms
309 silly placeDep ROOT media-typer@0.3.0 OK for: type-is@1.6.18 want: 0.3.0
310 timing idealTree:node_modules/type-is Completed in 1ms
311 timing idealTree:node_modules/media-typer Completed in 0ms
312 timing idealTree:node_modules/unpipe Completed in 0ms
313 timing idealTree:node_modules/utils-merge Completed in 0ms
314 timing idealTree:node_modules/vary Completed in 0ms
315 timing idealTree:node_modules/send/node_modules/encodeurl Completed in 0ms
316 timing idealTree:node_modules/send/node_modules/ms Completed in 0ms
317 timing idealTree:buildDeps Completed in 4290ms
318 timing idealTree:fixDepFlags Completed in 1ms
319 timing idealTree Completed in 4303ms
320 timing reify:loadTrees Completed in 4303ms
321 timing reify:diffTrees Completed in 2ms
322 silly reify moves {}
323 timing reify:retireShallow Completed in 1ms
324 timing reify:createSparse Completed in 15ms
325 timing reify:loadBundles Completed in 0ms
326 silly audit bulk request {
326 silly audit   express: [ '4.21.2' ],
326 silly audit   accepts: [ '1.3.8' ],
326 silly audit   'array-flatten': [ '1.1.1' ],
326 silly audit   'body-parser': [ '1.20.3' ],
326 silly audit   'content-disposition': [ '0.5.4' ],
326 silly audit   'content-type': [ '1.0.5' ],
326 silly audit   cookie: [ '0.7.1' ],
326 silly audit   'cookie-signature': [ '1.0.6' ],
326 silly audit   debug: [ '2.6.9' ],
326 silly audit   depd: [ '2.0.0' ],
326 silly audit   encodeurl: [ '2.0.0', '1.0.2' ],
326 silly audit   'escape-html': [ '1.0.3' ],
326 silly audit   etag: [ '1.8.1' ],
326 silly audit   finalhandler: [ '1.3.1' ],
326 silly audit   fresh: [ '0.5.2' ],
326 silly audit   'http-errors': [ '2.0.0' ],
326 silly audit   'merge-descriptors': [ '1.0.3' ],
326 silly audit   methods: [ '1.1.2' ],
326 silly audit   'on-finished': [ '2.4.1' ],
326 silly audit   parseurl: [ '1.3.3' ],
326 silly audit   'path-to-regexp': [ '0.1.12' ],
326 silly audit   'proxy-addr': [ '2.0.7' ],
326 silly audit   qs: [ '6.13.0' ],
326 silly audit   'range-parser': [ '1.2.1' ],
326 silly audit   'safe-buffer': [ '5.2.1' ],
326 silly audit   send: [ '0.19.0' ],
326 silly audit   'serve-static': [ '1.16.2' ],
326 silly audit   setprototypeof: [ '1.2.0' ],
326 silly audit   statuses: [ '2.0.1' ],
326 silly audit   'type-is': [ '1.6.18' ],
326 silly audit   'utils-merge': [ '1.0.1' ],
326 silly audit   vary: [ '1.1.2' ],
326 silly audit   'mime-types': [ '2.1.35' ],
326 silly audit   negotiator: [ '0.6.3' ],
326 silly audit   bytes: [ '3.1.2' ],
326 silly audit   destroy: [ '1.2.0' ],
326 silly audit   'iconv-lite': [ '0.4.24' ],
326 silly audit   'raw-body': [ '2.5.2' ],
326 silly audit   unpipe: [ '1.0.0' ],
326 silly audit   ms: [ '2.0.0', '2.1.3' ],
326 silly audit   inherits: [ '2.0.4' ],
326 silly audit   toidentifier: [ '1.0.1' ],
326 silly audit   'safer-buffer': [ '2.1.2' ],
326 silly audit   'mime-db': [ '1.52.0' ],
326 silly audit   'ee-first': [ '1.1.1' ],
326 silly audit   forwarded: [ '0.2.0' ],
326 silly audit   'ipaddr.js': [ '1.9.1' ],
326 silly audit   'side-channel': [ '1.1.0' ],
326 silly audit   mime: [ '1.6.0' ],
326 silly audit   'es-errors': [ '1.3.0' ],
326 silly audit   'object-inspect': [ '1.13.4' ],
326 silly audit   'side-channel-list': [ '1.0.0' ],
326 silly audit   'side-channel-map': [ '1.0.1' ],
326 silly audit   'side-channel-weakmap': [ '1.0.2' ],
326 silly audit   'call-bound': [ '1.0.4' ],
326 silly audit   'get-intrinsic': [ '1.3.0' ],
326 silly audit   'call-bind-apply-helpers': [ '1.0.2' ],
326 silly audit   'function-bind': [ '1.1.2' ],
326 silly audit   'es-define-property': [ '1.0.1' ],
326 silly audit   'es-object-atoms': [ '1.1.1' ],
326 silly audit   'get-proto': [ '1.0.1' ],
326 silly audit   gopd: [ '1.2.0' ],
326 silly audit   'has-symbols': [ '1.1.0' ],
326 silly audit   hasown: [ '2.0.2' ],
326 silly audit   'math-intrinsics': [ '1.1.0' ],
326 silly audit   'dunder-proto': [ '1.0.1' ],
326 silly audit   'media-typer': [ '0.3.0' ]
326 silly audit }
327 silly tarball no local data for array-flatten@https://registry.npmjs.org/array-flatten/-/array-flatten-1.1.1.tgz. Extracting by manifest.
328 silly tarball no local data for accepts@https://registry.npmjs.org/accepts/-/accepts-1.3.8.tgz. Extracting by manifest.
329 silly tarball no local data for media-typer@https://registry.npmjs.org/media-typer/-/media-typer-0.3.0.tgz. Extracting by manifest.
330 silly tarball no local data for math-intrinsics@https://registry.npmjs.org/math-intrinsics/-/math-intrinsics-1.1.0.tgz. Extracting by manifest.
331 silly tarball no local data for dunder-proto@https://registry.npmjs.org/dunder-proto/-/dunder-proto-1.0.1.tgz. Extracting by manifest.
332 silly tarball no local data for hasown@https://registry.npmjs.org/hasown/-/hasown-2.0.2.tgz. Extracting by manifest.
333 silly tarball no local data for has-symbols@https://registry.npmjs.org/has-symbols/-/has-symbols-1.1.0.tgz. Extracting by manifest.
334 silly tarball no local data for gopd@https://registry.npmjs.org/gopd/-/gopd-1.2.0.tgz. Extracting by manifest.
335 silly tarball no local data for get-proto@https://registry.npmjs.org/get-proto/-/get-proto-1.0.1.tgz. Extracting by manifest.
336 silly tarball no local data for es-object-atoms@https://registry.npmjs.org/es-object-atoms/-/es-object-atoms-1.1.1.tgz. Extracting by manifest.
337 silly tarball no local data for es-define-property@https://registry.npmjs.org/es-define-property/-/es-define-property-1.0.1.tgz. Extracting by manifest.
338 silly tarball no local data for function-bind@https://registry.npmjs.org/function-bind/-/function-bind-1.1.2.tgz. Extracting by manifest.
339 silly tarball no local data for call-bind-apply-helpers@https://registry.npmjs.org/call-bind-apply-helpers/-/call-bind-apply-helpers-1.0.2.tgz. Extracting by manifest.
340 silly tarball no local data for get-intrinsic@https://registry.npmjs.org/get-intrinsic/-/get-intrinsic-1.3.0.tgz. Extracting by manifest.
341 silly tarball no local data for call-bound@https://registry.npmjs.org/call-bound/-/call-bound-1.0.4.tgz. Extracting by manifest.
342 silly tarball no local data for side-channel-weakmap@https://registry.npmjs.org/side-channel-weakmap/-/side-channel-weakmap-1.0.2.tgz. Extracting by manifest.
343 silly tarball no local data for side-channel-map@https://registry.npmjs.org/side-channel-map/-/side-channel-map-1.0.1.tgz. Extracting by manifest.
344 silly tarball no local data for object-inspect@https://registry.npmjs.org/object-inspect/-/object-inspect-1.13.4.tgz. Extracting by manifest.
345 silly tarball no local data for es-errors@https://registry.npmjs.org/es-errors/-/es-errors-1.3.0.tgz. Extracting by manifest.
346 silly tarball no local data for mime@https://registry.npmjs.org/mime/-/mime-1.6.0.tgz. Extracting by manifest.
347 silly tarball no local data for side-channel-list@https://registry.npmjs.org/side-channel-list/-/side-channel-list-1.0.0.tgz. Extracting by manifest.
348 silly tarball no local data for side-channel@https://registry.npmjs.org/side-channel/-/side-channel-1.1.0.tgz. Extracting by manifest.
349 silly tarball no local data for ipaddr.js@https://registry.npmjs.org/ipaddr.js/-/ipaddr.js-1.9.1.tgz. Extracting by manifest.
350 silly tarball no local data for forwarded@https://registry.npmjs.org/forwarded/-/forwarded-0.2.0.tgz. Extracting by manifest.
351 silly tarball no local data for mime-db@https://registry.npmjs.org/mime-db/-/mime-db-1.52.0.tgz. Extracting by manifest.
352 silly tarball no local data for ee-first@https://registry.npmjs.org/ee-first/-/ee-first-1.1.1.tgz. Extracting by manifest.
353 silly tarball no local data for safer-buffer@https://registry.npmjs.org/safer-buffer/-/safer-buffer-2.1.2.tgz. Extracting by manifest.
354 silly tarball no local data for toidentifier@https://registry.npmjs.org/toidentifier/-/toidentifier-1.0.1.tgz. Extracting by manifest.
355 silly tarball no local data for inherits@https://registry.npmjs.org/inherits/-/inherits-2.0.4.tgz. Extracting by manifest.
356 silly tarball no local data for ms@https://registry.npmjs.org/ms/-/ms-2.0.0.tgz. Extracting by manifest.
357 silly tarball no local data for unpipe@https://registry.npmjs.org/unpipe/-/unpipe-1.0.0.tgz. Extracting by manifest.
358 silly tarball no local data for iconv-lite@https://registry.npmjs.org/iconv-lite/-/iconv-lite-0.4.24.tgz. Extracting by manifest.
359 silly tarball no local data for raw-body@https://registry.npmjs.org/raw-body/-/raw-body-2.5.2.tgz. Extracting by manifest.
360 silly tarball no local data for destroy@https://registry.npmjs.org/destroy/-/destroy-1.2.0.tgz. Extracting by manifest.
361 silly tarball no local data for bytes@https://registry.npmjs.org/bytes/-/bytes-3.1.2.tgz. Extracting by manifest.
362 silly tarball no local data for negotiator@https://registry.npmjs.org/negotiator/-/negotiator-0.6.3.tgz. Extracting by manifest.
363 silly tarball no local data for mime-types@https://registry.npmjs.org/mime-types/-/mime-types-2.1.35.tgz. Extracting by manifest.
364 silly tarball no local data for vary@https://registry.npmjs.org/vary/-/vary-1.1.2.tgz. Extracting by manifest.
365 silly tarball no local data for utils-merge@https://registry.npmjs.org/utils-merge/-/utils-merge-1.0.1.tgz. Extracting by manifest.
366 silly tarball no local data for type-is@https://registry.npmjs.org/type-is/-/type-is-1.6.18.tgz. Extracting by manifest.
367 silly tarball no local data for statuses@https://registry.npmjs.org/statuses/-/statuses-2.0.1.tgz. Extracting by manifest.
368 silly tarball no local data for setprototypeof@https://registry.npmjs.org/setprototypeof/-/setprototypeof-1.2.0.tgz. Extracting by manifest.
369 silly tarball no local data for serve-static@https://registry.npmjs.org/serve-static/-/serve-static-1.16.2.tgz. Extracting by manifest.
370 silly tarball no local data for send@https://registry.npmjs.org/send/-/send-0.19.0.tgz. Extracting by manifest.
371 silly tarball no local data for safe-buffer@https://registry.npmjs.org/safe-buffer/-/safe-buffer-5.2.1.tgz. Extracting by manifest.
372 silly tarball no local data for range-parser@https://registry.npmjs.org/range-parser/-/range-parser-1.2.1.tgz. Extracting by manifest.
373 silly tarball no local data for qs@https://registry.npmjs.org/qs/-/qs-6.13.0.tgz. Extracting by manifest.
374 silly tarball no local data for proxy-addr@https://registry.npmjs.org/proxy-addr/-/proxy-addr-2.0.7.tgz. Extracting by manifest.
375 silly tarball no local data for path-to-regexp@https://registry.npmjs.org/path-to-regexp/-/path-to-regexp-0.1.12.tgz. Extracting by manifest.
376 silly tarball no local data for parseurl@https://registry.npmjs.org/parseurl/-/parseurl-1.3.3.tgz. Extracting by manifest.
377 silly tarball no local data for on-finished@https://registry.npmjs.org/on-finished/-/on-finished-2.4.1.tgz. Extracting by manifest.
378 silly tarball no local data for methods@https://registry.npmjs.org/methods/-/methods-1.1.2.tgz. Extracting by manifest.
379 silly tarball no local data for merge-descriptors@https://registry.npmjs.org/merge-descriptors/-/merge-descriptors-1.0.3.tgz. Extracting by manifest.
380 silly tarball no local data for http-errors@https://registry.npmjs.org/http-errors/-/http-errors-2.0.0.tgz. Extracting by manifest.
381 silly tarball no local data for fresh@https://registry.npmjs.org/fresh/-/fresh-0.5.2.tgz. Extracting by manifest.
382 silly tarball no local data for finalhandler@https://registry.npmjs.org/finalhandler/-/finalhandler-1.3.1.tgz. Extracting by manifest.
383 silly tarball no local data for etag@https://registry.npmjs.org/etag/-/etag-1.8.1.tgz. Extracting by manifest.
384 silly tarball no local data for escape-html@https://registry.npmjs.org/escape-html/-/escape-html-1.0.3.tgz. Extracting by manifest.
385 silly tarball no local data for encodeurl@https://registry.npmjs.org/encodeurl/-/encodeurl-2.0.0.tgz. Extracting by manifest.
386 silly tarball no local data for depd@https://registry.npmjs.org/depd/-/depd-2.0.0.tgz. Extracting by manifest.
387 silly tarball no local data for debug@https://registry.npmjs.org/debug/-/debug-2.6.9.tgz. Extracting by manifest.
388 silly tarball no local data for cookie-signature@https://registry.npmjs.org/cookie-signature/-/cookie-signature-1.0.6.tgz. Extracting by manifest.
389 silly tarball no local data for content-type@https://registry.npmjs.org/content-type/-/content-type-1.0.5.tgz. Extracting by manifest.
390 silly tarball no local data for content-disposition@https://registry.npmjs.org/content-disposition/-/content-disposition-0.5.4.tgz. Extracting by manifest.
391 silly tarball no local data for body-parser@https://registry.npmjs.org/body-parser/-/body-parser-1.20.3.tgz. Extracting by manifest.
392 silly tarball no local data for cookie@https://registry.npmjs.org/cookie/-/cookie-0.7.1.tgz. Extracting by manifest.
393 silly tarball no local data for ms@https://registry.npmjs.org/ms/-/ms-2.1.3.tgz. Extracting by manifest.
394 silly tarball no local data for encodeurl@https://registry.npmjs.org/encodeurl/-/encodeurl-1.0.2.tgz. Extracting by manifest.
395 silly tarball no local data for express@https://registry.npmjs.org/express/-/express-4.21.2.tgz. Extracting by manifest.
396 http fetch GET 200 https://registry.npmjs.org/media-typer/-/media-typer-0.3.0.tgz 183ms (cache miss)
397 timing reifyNode:node_modules/media-typer Completed in 221ms
398 http fetch GET 200 https://registry.npmjs.org/es-object-atoms/-/es-object-atoms-1.1.1.tgz 178ms (cache miss)
399 http fetch GET 200 https://registry.npmjs.org/accepts/-/accepts-1.3.8.tgz 201ms (cache miss)
400 timing reifyNode:node_modules/accepts Completed in 232ms
401 http fetch GET 200 https://registry.npmjs.org/es-define-property/-/es-define-property-1.0.1.tgz 190ms (cache miss)
402 http fetch GET 200 https://registry.npmjs.org/hasown/-/hasown-2.0.2.tgz 199ms (cache miss)
403 http fetch GET 200 https://registry.npmjs.org/array-flatten/-/array-flatten-1.1.1.tgz 209ms (cache miss)
404 timing reifyNode:node_modules/array-flatten Completed in 238ms
405 timing reifyNode:node_modules/hasown Completed in 243ms
406 timing reifyNode:node_modules/es-define-property Completed in 243ms
407 http fetch GET 200 https://registry.npmjs.org/has-symbols/-/has-symbols-1.1.0.tgz 220ms (cache miss)
408 timing reifyNode:node_modules/es-object-atoms Completed in 273ms
409 http fetch GET 200 https://registry.npmjs.org/gopd/-/gopd-1.2.0.tgz 231ms (cache miss)
410 http fetch GET 200 https://registry.npmjs.org/get-proto/-/get-proto-1.0.1.tgz 230ms (cache miss)
411 http fetch GET 200 https://registry.npmjs.org/side-channel-weakmap/-/side-channel-weakmap-1.0.2.tgz 226ms (cache miss)
412 http fetch GET 200 https://registry.npmjs.org/side-channel-map/-/side-channel-map-1.0.1.tgz 226ms (cache miss)
413 timing reifyNode:node_modules/has-symbols Completed in 278ms
414 timing reifyNode:node_modules/side-channel-map Completed in 280ms
415 http fetch GET 200 https://registry.npmjs.org/dunder-proto/-/dunder-proto-1.0.1.tgz 241ms (cache miss)
416 timing reifyNode:node_modules/dunder-proto Completed in 281ms
417 timing reifyNode:node_modules/gopd Completed in 286ms
418 timing reifyNode:node_modules/get-proto Completed in 286ms
419 http fetch GET 200 https://registry.npmjs.org/forwarded/-/forwarded-0.2.0.tgz 233ms (cache miss)
420 timing reifyNode:node_modules/forwarded Completed in 285ms
421 timing reifyNode:node_modules/side-channel-weakmap Completed in 285ms
422 http fetch GET 200 https://registry.npmjs.org/ipaddr.js/-/ipaddr.js-1.9.1.tgz 235ms (cache miss)
423 timing reifyNode:node_modules/ipaddr.js Completed in 286ms
424 http fetch GET 200 https://registry.npmjs.org/call-bind-apply-helpers/-/call-bind-apply-helpers-1.0.2.tgz 241ms (cache miss)
425 http fetch GET 200 https://registry.npmjs.org/toidentifier/-/toidentifier-1.0.1.tgz 236ms (cache miss)
426 timing reifyNode:node_modules/toidentifier Completed in 291ms
427 http fetch GET 200 https://registry.npmjs.org/inherits/-/inherits-2.0.4.tgz 243ms (cache miss)
428 timing reifyNode:node_modules/inherits Completed in 299ms
429 http fetch GET 200 https://registry.npmjs.org/ms/-/ms-2.0.0.tgz 244ms (cache miss)
430 timing reifyNode:node_modules/ms Completed in 301ms
431 http fetch GET 200 https://registry.npmjs.org/function-bind/-/function-bind-1.1.2.tgz 257ms (cache miss)
432 timing reifyNode:node_modules/function-bind Completed in 302ms
433 http fetch GET 200 https://registry.npmjs.org/mime/-/mime-1.6.0.tgz 253ms (cache miss)
434 timing reifyNode:node_modules/call-bind-apply-helpers Completed in 303ms
435 http fetch GET 200 https://registry.npmjs.org/get-intrinsic/-/get-intrinsic-1.3.0.tgz 257ms (cache miss)
436 timing reifyNode:node_modules/get-intrinsic Completed in 303ms
437 timing reifyNode:node_modules/mime Completed in 307ms
438 http fetch GET 200 https://registry.npmjs.org/side-channel-list/-/side-channel-list-1.0.0.tgz 258ms (cache miss)
439 http fetch GET 200 https://registry.npmjs.org/ee-first/-/ee-first-1.1.1.tgz 265ms (cache miss)
440 timing reifyNode:node_modules/ee-first Completed in 318ms
441 timing reifyNode:node_modules/side-channel-list Completed in 319ms
442 http fetch GET 200 https://registry.npmjs.org/side-channel/-/side-channel-1.1.0.tgz 271ms (cache miss)
443 timing reifyNode:node_modules/side-channel Completed in 322ms
444 http fetch GET 200 https://registry.npmjs.org/call-bound/-/call-bound-1.0.4.tgz 276ms (cache miss)
445 timing reifyNode:node_modules/call-bound Completed in 322ms
446 http fetch GET 200 https://registry.npmjs.org/vary/-/vary-1.1.2.tgz 262ms (cache miss)
447 timing reifyNode:node_modules/vary Completed in 330ms
448 http fetch GET 200 https://registry.npmjs.org/negotiator/-/negotiator-0.6.3.tgz 266ms (cache miss)
449 http fetch GET 200 https://registry.npmjs.org/raw-body/-/raw-body-2.5.2.tgz 274ms (cache miss)
450 timing reifyNode:node_modules/raw-body Completed in 333ms
451 http fetch GET 200 https://registry.npmjs.org/es-errors/-/es-errors-1.3.0.tgz 291ms (cache miss)
452 http fetch GET 200 https://registry.npmjs.org/utils-merge/-/utils-merge-1.0.1.tgz 272ms (cache miss)
453 timing reifyNode:node_modules/utils-merge Completed in 341ms
454 http fetch GET 200 https://registry.npmjs.org/mime-types/-/mime-types-2.1.35.tgz 274ms (cache miss)
455 timing reifyNode:node_modules/mime-types Completed in 341ms
456 timing reifyNode:node_modules/negotiator Completed in 346ms
457 http fetch GET 200 https://registry.npmjs.org/math-intrinsics/-/math-intrinsics-1.1.0.tgz 309ms (cache miss)
458 http fetch GET 200 https://registry.npmjs.org/bytes/-/bytes-3.1.2.tgz 288ms (cache miss)
459 timing reifyNode:node_modules/bytes Completed in 353ms
460 http fetch GET 200 https://registry.npmjs.org/destroy/-/destroy-1.2.0.tgz 294ms (cache miss)
461 timing reifyNode:node_modules/destroy Completed in 353ms
462 http fetch GET 200 https://registry.npmjs.org/type-is/-/type-is-1.6.18.tgz 283ms (cache miss)
463 timing reifyNode:node_modules/type-is Completed in 353ms
464 http fetch GET 200 https://registry.npmjs.org/safer-buffer/-/safer-buffer-2.1.2.tgz 305ms (cache miss)
465 timing reifyNode:node_modules/safer-buffer Completed in 359ms
466 http fetch GET 200 https://registry.npmjs.org/statuses/-/statuses-2.0.1.tgz 289ms (cache miss)
467 timing reifyNode:node_modules/statuses Completed in 359ms
468 timing reifyNode:node_modules/es-errors Completed in 360ms
469 http fetch POST 200 https://registry.npmjs.org/-/npm/v1/security/advisories/bulk 365ms
470 timing auditReport:getReport Completed in 368ms
471 silly audit report {}
472 timing auditReport:init Completed in 0ms
473 timing reify:audit Completed in 369ms
474 timing reifyNode:node_modules/math-intrinsics Completed in 367ms
475 http fetch GET 200 https://registry.npmjs.org/unpipe/-/unpipe-1.0.0.tgz 317ms (cache miss)
476 timing reifyNode:node_modules/unpipe Completed in 374ms
477 http fetch GET 200 https://registry.npmjs.org/setprototypeof/-/setprototypeof-1.2.0.tgz 297ms (cache miss)
478 timing reifyNode:node_modules/setprototypeof Completed in 374ms
479 http fetch GET 200 https://registry.npmjs.org/mime-db/-/mime-db-1.52.0.tgz 355ms (cache miss)
480 timing reifyNode:node_modules/mime-db Completed in 408ms
481 http fetch GET 200 https://registry.npmjs.org/serve-static/-/serve-static-1.16.2.tgz 335ms (cache miss)
482 timing reifyNode:node_modules/serve-static Completed in 413ms
483 http fetch GET 200 https://registry.npmjs.org/path-to-regexp/-/path-to-regexp-0.1.12.tgz 330ms (cache miss)
484 timing reifyNode:node_modules/path-to-regexp Completed in 412ms
485 http fetch GET 200 https://registry.npmjs.org/on-finished/-/on-finished-2.4.1.tgz 329ms (cache miss)
486 timing reifyNode:node_modules/on-finished Completed in 413ms
487 http fetch GET 200 https://registry.npmjs.org/merge-descriptors/-/merge-descriptors-1.0.3.tgz 328ms (cache miss)
488 timing reifyNode:node_modules/merge-descriptors Completed in 413ms
489 http fetch GET 200 https://registry.npmjs.org/safe-buffer/-/safe-buffer-5.2.1.tgz 339ms (cache miss)
490 timing reifyNode:node_modules/safe-buffer Completed in 419ms
491 http fetch GET 200 https://registry.npmjs.org/range-parser/-/range-parser-1.2.1.tgz 341ms (cache miss)
492 timing reifyNode:node_modules/range-parser Completed in 422ms
493 http fetch GET 200 https://registry.npmjs.org/http-errors/-/http-errors-2.0.0.tgz 336ms (cache miss)
494 timing reifyNode:node_modules/http-errors Completed in 422ms
495 http fetch GET 200 https://registry.npmjs.org/parseurl/-/parseurl-1.3.3.tgz 339ms (cache miss)
496 timing reifyNode:node_modules/parseurl Completed in 422ms
497 http fetch GET 200 https://registry.npmjs.org/methods/-/methods-1.1.2.tgz 340ms (cache miss)
498 timing reifyNode:node_modules/methods Completed in 424ms
499 http fetch GET 200 https://registry.npmjs.org/send/-/send-0.19.0.tgz 347ms (cache miss)
500 timing reifyNode:node_modules/send Completed in 426ms
501 http fetch GET 200 https://registry.npmjs.org/fresh/-/fresh-0.5.2.tgz 340ms (cache miss)
502 timing reifyNode:node_modules/fresh Completed in 427ms
503 http fetch GET 200 https://registry.npmjs.org/encodeurl/-/encodeurl-2.0.0.tgz 338ms (cache miss)
504 timing reifyNode:node_modules/encodeurl Completed in 427ms
505 http fetch GET 200 https://registry.npmjs.org/cookie/-/cookie-0.7.1.tgz 333ms (cache miss)
506 timing reifyNode:node_modules/cookie Completed in 427ms
507 http fetch GET 200 https://registry.npmjs.org/escape-html/-/escape-html-1.0.3.tgz 339ms (cache miss)
508 timing reifyNode:node_modules/escape-html Completed in 428ms
509 http fetch GET 200 https://registry.npmjs.org/proxy-addr/-/proxy-addr-2.0.7.tgz 347ms (cache miss)
510 timing reifyNode:node_modules/proxy-addr Completed in 428ms
511 http fetch GET 200 https://registry.npmjs.org/ms/-/ms-2.1.3.tgz 311ms (cache miss)
512 timing reifyNode:node_modules/send/node_modules/ms Completed in 430ms
513 http fetch GET 200 https://registry.npmjs.org/cookie-signature/-/cookie-signature-1.0.6.tgz 338ms (cache miss)
514 timing reifyNode:node_modules/cookie-signature Completed in 429ms
515 http fetch GET 200 https://registry.npmjs.org/content-type/-/content-type-1.0.5.tgz 338ms (cache miss)
516 timing reifyNode:node_modules/content-type Completed in 430ms
517 http fetch GET 200 https://registry.npmjs.org/object-inspect/-/object-inspect-1.13.4.tgz 383ms (cache miss)
518 timing reifyNode:node_modules/object-inspect Completed in 431ms
519 http fetch GET 200 https://registry.npmjs.org/finalhandler/-/finalhandler-1.3.1.tgz 344ms (cache miss)
520 timing reifyNode:node_modules/finalhandler Completed in 431ms
521 http fetch GET 200 https://registry.npmjs.org/depd/-/depd-2.0.0.tgz 341ms (cache miss)
522 timing reifyNode:node_modules/depd Completed in 431ms
523 http fetch GET 200 https://registry.npmjs.org/encodeurl/-/encodeurl-1.0.2.tgz 313ms (cache miss)
524 timing reifyNode:node_modules/send/node_modules/encodeurl Completed in 433ms
525 http fetch GET 200 https://registry.npmjs.org/etag/-/etag-1.8.1.tgz 344ms (cache miss)
526 timing reifyNode:node_modules/etag Completed in 432ms
527 http fetch GET 200 https://registry.npmjs.org/content-disposition/-/content-disposition-0.5.4.tgz 339ms (cache miss)
528 timing reifyNode:node_modules/content-disposition Completed in 432ms
529 http fetch GET 200 https://registry.npmjs.org/debug/-/debug-2.6.9.tgz 354ms (cache miss)
530 timing reifyNode:node_modules/debug Completed in 445ms
531 http fetch GET 200 https://registry.npmjs.org/body-parser/-/body-parser-1.20.3.tgz 351ms (cache miss)
532 timing reifyNode:node_modules/body-parser Completed in 446ms
533 http fetch GET 200 https://registry.npmjs.org/qs/-/qs-6.13.0.tgz 366ms (cache miss)
534 timing reifyNode:node_modules/qs Completed in 449ms
535 http fetch GET 200 https://registry.npmjs.org/express/-/express-4.21.2.tgz 325ms (cache miss)
536 timing reifyNode:node_modules/express Completed in 452ms
537 http fetch GET 200 https://registry.npmjs.org/iconv-lite/-/iconv-lite-0.4.24.tgz 395ms (cache miss)
538 timing reifyNode:node_modules/iconv-lite Completed in 453ms
539 timing reify:unpack Completed in 456ms
540 timing reify:unretire Completed in 0ms
541 timing build:queue Completed in 2ms
542 timing build:link:node_modules/mime Completed in 3ms
543 timing build:link Completed in 3ms
544 timing build:deps Completed in 5ms
545 timing build Completed in 5ms
546 timing reify:build Completed in 5ms
547 timing reify:trash Completed in 0ms
548 timing reify:save Completed in 14ms
549 timing reify Completed in 4811ms
550 silly ADD node_modules/media-typer
551 silly ADD node_modules/dunder-proto
552 silly ADD node_modules/math-intrinsics
553 silly ADD node_modules/hasown
554 silly ADD node_modules/has-symbols
555 silly ADD node_modules/gopd
556 silly ADD node_modules/get-proto
557 silly ADD node_modules/es-object-atoms
558 silly ADD node_modules/es-define-property
559 silly ADD node_modules/function-bind
560 silly ADD node_modules/call-bind-apply-helpers
561 silly ADD node_modules/get-intrinsic
562 silly ADD node_modules/call-bound
563 silly ADD node_modules/side-channel-weakmap
564 silly ADD node_modules/side-channel-map
565 silly ADD node_modules/side-channel-list
566 silly ADD node_modules/object-inspect
567 silly ADD node_modules/es-errors
568 silly ADD node_modules/mime
569 silly ADD node_modules/side-channel
570 silly ADD node_modules/ipaddr.js
571 silly ADD node_modules/forwarded
572 silly ADD node_modules/ee-first
573 silly ADD node_modules/mime-db
574 silly ADD node_modules/safer-buffer
575 silly ADD node_modules/toidentifier
576 silly ADD node_modules/inherits
577 silly ADD node_modules/ms
578 silly ADD node_modules/unpipe
579 silly ADD node_modules/raw-body
580 silly ADD node_modules/iconv-lite
581 silly ADD node_modules/destroy
582 silly ADD node_modules/bytes
583 silly ADD node_modules/negotiator
584 silly ADD node_modules/mime-types
585 silly ADD node_modules/vary
586 silly ADD node_modules/utils-merge
587 silly ADD node_modules/type-is
588 silly ADD node_modules/statuses
589 silly ADD node_modules/setprototypeof
590 silly ADD node_modules/serve-static
591 silly ADD node_modules/send
592 silly ADD node_modules/send/node_modules/ms
593 silly ADD node_modules/send/node_modules/encodeurl
594 silly ADD node_modules/safe-buffer
595 silly ADD node_modules/range-parser
596 silly ADD node_modules/qs
597 silly ADD node_modules/proxy-addr
598 silly ADD node_modules/path-to-regexp
599 silly ADD node_modules/parseurl
600 silly ADD node_modules/on-finished
601 silly ADD node_modules/methods
602 silly ADD node_modules/merge-descriptors
603 silly ADD node_modules/http-errors
604 silly ADD node_modules/fresh
605 silly ADD node_modules/finalhandler
606 silly ADD node_modules/etag
607 silly ADD node_modules/escape-html
608 silly ADD node_modules/encodeurl
609 silly ADD node_modules/depd
610 silly ADD node_modules/debug
611 silly ADD node_modules/cookie-signature
612 silly ADD node_modules/cookie
613 silly ADD node_modules/content-type
614 silly ADD node_modules/content-disposition
615 silly ADD node_modules/body-parser
616 silly ADD node_modules/array-flatten
617 silly ADD node_modules/accepts
618 silly ADD node_modules/express
619 timing command:install Completed in 4822ms
620 verbose exit 0
621 timing npm Completed in 4852ms
622 info ok
